# JRE version: OpenJDK Runtime Environment (8.0_202-b03) (build 1.8.0_202-release-1483-b03)
# Java VM: OpenJDK 64-Bit Server VM (25.202-b03 mixed mode windows-amd64 compressed oops)
Heap:
 PSYoungGen      total 195584K, used 116668K [0x00000000e0000000, 0x00000000ef000000, 0x0000000100000000)
  eden space 164864K, 57% used [0x00000000e0000000,0x00000000e5d20438,0x00000000ea100000)
  from space 30720K, 69% used [0x00000000ebf80000,0x00000000ed44ec78,0x00000000edd80000)
  to   space 31232K, 0% used [0x00000000ea100000,0x00000000ea100000,0x00000000ebf80000)
 ParOldGen       total 292352K, used 51674K [0x00000000a0000000, 0x00000000b1d80000, 0x00000000e0000000)
  object space 292352K, 17% used [0x00000000a0000000,0x00000000a3276a78,0x00000000b1d80000)
 Metaspace       used 74444K, capacity 77538K, committed 77720K, reserved 1116160K
  class space    used 9706K, capacity 10354K, committed 10408K, reserved 1048576K
GC Heap History (10 events):
Event: 8.575 GC heap before
{Heap before GC invocations=13 (full 3):
 PSYoungGen      total 134656K, used 117760K [0x00000000e0000000, 0x00000000ead80000, 0x0000000100000000)
  eden space 117760K, 100% used [0x00000000e0000000,0x00000000e7300000,0x00000000e7300000)
  from space 16896K, 0% used [0x00000000e7300000,0x00000000e7300000,0x00000000e8380000)
  to   space 19456K, 0% used [0x00000000e9a80000,0x00000000e9a80000,0x00000000ead80000)
 ParOldGen       total 292352K, used 33759K [0x00000000a0000000, 0x00000000b1d80000, 0x00000000e0000000)
  object space 292352K, 11% used [0x00000000a0000000,0x00000000a20f7f78,0x00000000b1d80000)
 Metaspace       used 62050K, capacity 64434K, committed 64664K, reserved 1105920K
  class space    used 8511K, capacity 9030K, committed 9128K, reserved 1048576K
Event: 8.582 GC heap after
Heap after GC invocations=13 (full 3):
 PSYoungGen      total 146944K, used 9322K [0x00000000e0000000, 0x00000000ea800000, 0x0000000100000000)
  eden space 133120K, 0% used [0x00000000e0000000,0x00000000e0000000,0x00000000e8200000)
  from space 13824K, 67% used [0x00000000e9a80000,0x00000000ea39aa58,0x00000000ea800000)
  to   space 19456K, 0% used [0x00000000e8200000,0x00000000e8200000,0x00000000e9500000)
 ParOldGen       total 292352K, used 33767K [0x00000000a0000000, 0x00000000b1d80000, 0x00000000e0000000)
  object space 292352K, 11% used [0x00000000a0000000,0x00000000a20f9f78,0x00000000b1d80000)
 Metaspace       used 62050K, capacity 64434K, committed 64664K, reserved 1105920K
  class space    used 8511K, capacity 9030K, committed 9128K, reserved 1048576K
}
Event: 10.404 GC heap before
{Heap before GC invocations=14 (full 3):
 PSYoungGen      total 146944K, used 142442K [0x00000000e0000000, 0x00000000ea800000, 0x0000000100000000)
  eden space 133120K, 100% used [0x00000000e0000000,0x00000000e8200000,0x00000000e8200000)
  from space 13824K, 67% used [0x00000000e9a80000,0x00000000ea39aa58,0x00000000ea800000)
  to   space 19456K, 0% used [0x00000000e8200000,0x00000000e8200000,0x00000000e9500000)
 ParOldGen       total 292352K, used 33767K [0x00000000a0000000, 0x00000000b1d80000, 0x00000000e0000000)
  object space 292352K, 11% used [0x00000000a0000000,0x00000000a20f9f78,0x00000000b1d80000)
 Metaspace       used 66864K, capacity 69650K, committed 69912K, reserved 1110016K
  class space    used 9070K, capacity 9668K, committed 9768K, reserved 1048576K
Event: 10.419 GC heap after
Heap after GC invocations=14 (full 3):
 PSYoungGen      total 152576K, used 13765K [0x00000000e0000000, 0x00000000eb800000, 0x0000000100000000)
  eden space 133120K, 0% used [0x00000000e0000000,0x00000000e0000000,0x00000000e8200000)
  from space 19456K, 70% used [0x00000000e8200000,0x00000000e8f71560,0x00000000e9500000)
  to   space 19456K, 0% used [0x00000000ea500000,0x00000000ea500000,0x00000000eb800000)
 ParOldGen       total 292352K, used 33775K [0x00000000a0000000, 0x00000000b1d80000, 0x00000000e0000000)
  object space 292352K, 11% used [0x00000000a0000000,0x00000000a20fbf78,0x00000000b1d80000)
 Metaspace       used 66864K, capacity 69650K, committed 69912K, reserved 1110016K
  class space    used 9070K, capacity 9668K, committed 9768K, reserved 1048576K
}
Event: 21.479 GC heap before
{Heap before GC invocations=15 (full 3):
 PSYoungGen      total 152576K, used 146885K [0x00000000e0000000, 0x00000000eb800000, 0x0000000100000000)
  eden space 133120K, 100% used [0x00000000e0000000,0x00000000e8200000,0x00000000e8200000)
  from space 19456K, 70% used [0x00000000e8200000,0x00000000e8f71560,0x00000000e9500000)
  to   space 19456K, 0% used [0x00000000ea500000,0x00000000ea500000,0x00000000eb800000)
 ParOldGen       total 292352K, used 33775K [0x00000000a0000000, 0x00000000b1d80000, 0x00000000e0000000)
  object space 292352K, 11% used [0x00000000a0000000,0x00000000a20fbf78,0x00000000b1d80000)
 Metaspace       used 70993K, capacity 73990K, committed 74392K, reserved 1114112K
  class space    used 9403K, capacity 10026K, committed 10152K, reserved 1048576K
Event: 21.500 GC heap after
Heap after GC invocations=15 (full 3):
 PSYoungGen      total 166400K, used 19454K [0x00000000e0000000, 0x00000000eba80000, 0x0000000100000000)
  eden space 146944K, 0% used [0x00000000e0000000,0x00000000e0000000,0x00000000e8f80000)
  from space 19456K, 99% used [0x00000000ea500000,0x00000000eb7ff820,0x00000000eb800000)
  to   space 22016K, 0% used [0x00000000e8f80000,0x00000000e8f80000,0x00000000ea500000)
 ParOldGen       total 292352K, used 35670K [0x00000000a0000000, 0x00000000b1d80000, 0x00000000e0000000)
  object space 292352K, 12% used [0x00000000a0000000,0x00000000a22d5bc0,0x00000000b1d80000)
 Metaspace       used 70993K, capacity 73990K, committed 74392K, reserved 1114112K
  class space    used 9403K, capacity 10026K, committed 10152K, reserved 1048576K
}
Event: 22.949 GC heap before
{Heap before GC invocations=16 (full 3):
 PSYoungGen      total 166400K, used 166398K [0x00000000e0000000, 0x00000000eba80000, 0x0000000100000000)
  eden space 146944K, 100% used [0x00000000e0000000,0x00000000e8f80000,0x00000000e8f80000)
  from space 19456K, 99% used [0x00000000ea500000,0x00000000eb7ff820,0x00000000eb800000)
  to   space 22016K, 0% used [0x00000000e8f80000,0x00000000e8f80000,0x00000000ea500000)
 ParOldGen       total 292352K, used 35670K [0x00000000a0000000, 0x00000000b1d80000, 0x00000000e0000000)
  object space 292352K, 12% used [0x00000000a0000000,0x00000000a22d5bc0,0x00000000b1d80000)
 Metaspace       used 73277K, capacity 76316K, committed 76568K, reserved 1116160K
  class space    used 9609K, capacity 10243K, committed 10280K, reserved 1048576K
Event: 22.972 GC heap after
Heap after GC invocations=16 (full 3):
 PSYoungGen      total 168960K, used 21992K [0x00000000e0000000, 0x00000000edd80000, 0x0000000100000000)
  eden space 146944K, 0% used [0x00000000e0000000,0x00000000e0000000,0x00000000e8f80000)
  from space 22016K, 99% used [0x00000000e8f80000,0x00000000ea4fa340,0x00000000ea500000)
  to   space 30720K, 0% used [0x00000000ebf80000,0x00000000ebf80000,0x00000000edd80000)
 ParOldGen       total 292352K, used 51666K [0x00000000a0000000, 0x00000000b1d80000, 0x00000000e0000000)
  object space 292352K, 17% used [0x00000000a0000000,0x00000000a3274a78,0x00000000b1d80000)
 Metaspace       used 73277K, capacity 76316K, committed 76568K, reserved 1116160K
  class space    used 9609K, capacity 10243K, committed 10280K, reserved 1048576K
}
Event: 23.293 GC heap before
{Heap before GC invocations=17 (full 3):
 PSYoungGen      total 168960K, used 168936K [0x00000000e0000000, 0x00000000edd80000, 0x0000000100000000)
  eden space 146944K, 100% used [0x00000000e0000000,0x00000000e8f80000,0x00000000e8f80000)
  from space 22016K, 99% used [0x00000000e8f80000,0x00000000ea4fa340,0x00000000ea500000)
  to   space 30720K, 0% used [0x00000000ebf80000,0x00000000ebf80000,0x00000000edd80000)
 ParOldGen       total 292352K, used 51666K [0x00000000a0000000, 0x00000000b1d80000, 0x00000000e0000000)
  object space 292352K, 17% used [0x00000000a0000000,0x00000000a3274a78,0x00000000b1d80000)
 Metaspace       used 74008K, capacity 77114K, committed 77464K, reserved 1116160K
  class space    used 9671K, capacity 10312K, committed 10408K, reserved 1048576K
Event: 23.319 GC heap after
Heap after GC invocations=17 (full 3):
 PSYoungGen      total 195584K, used 21307K [0x00000000e0000000, 0x00000000ef000000, 0x0000000100000000)
  eden space 164864K, 0% used [0x00000000e0000000,0x00000000e0000000,0x00000000ea100000)
  from space 30720K, 69% used [0x00000000ebf80000,0x00000000ed44ec78,0x00000000edd80000)
  to   space 31232K, 0% used [0x00000000ea100000,0x00000000ea100000,0x00000000ebf80000)
 ParOldGen       total 292352K, used 51674K [0x00000000a0000000, 0x00000000b1d80000, 0x00000000e0000000)
  object space 292352K, 17% used [0x00000000a0000000,0x00000000a3276a78,0x00000000b1d80000)
 Metaspace       used 74008K, capacity 77114K, committed 77464K, reserved 1116160K
  class space    used 9671K, capacity 10312K, committed 10408K, reserved 1048576K
}

